<?xml version="1.0" encoding="utf-8"?><testsuites name="pytest tests"><testsuite name="pytest" errors="0" failures="0" skipped="0" tests="17" time="8.006" timestamp="2026-07-31T14:05:18.589173+00:00" hostname="agent-env-2c195234-1a43-4c28-9d51-414f022f9a59"><testcase classname="tests.backend_test.TestMikrotikAndVpnEndpoints" name="test_mikrotik_script_all_protocols[wireguard]" time="0.635" /><testcase classname="tests.backend_test.TestAuth" name="test_login_returns_user_and_cookie" time="0.932" /><testcase classname="tests.backend_test.TestMikrotikAndVpnEndpoints" name="test_mikrotik_script_all_protocols[l2tp]" time="0.340" /><testcase classname="tests.backend_test.TestAuth" name="test_me_with_cookie" time="0.045" /><testcase classname="tests.backend_test.TestMikrotikAndVpnEndpoints" name="test_mikrotik_script_all_protocols[openvpn]" time="0.105" /><testcase classname="tests.backend_test.TestAuth" name="test_me_without_cookie_401" time="0.109" /><testcase classname="tests.backend_test.TestMikrotikAndVpnEndpoints" name="test_mikrotik_test_endpoint" time="3.100" /><testcase classname="tests.backend_test.TestAuth" name="test_logout_clears_cookie" time="0.507" /><testcase classname="tests.backend_test.TestClientsMinimal" name="test_create_without_email_lat_lng_onu_serial" time="0.124" /><testcase classname="tests.backend_test.TestClientsMinimal" name="test_patch_remaining_fields" time="0.131" /><testcase classname="tests.backend_test.TestDashboardStats" name="test_dashboard_shape_and_invariants" time="0.050" /><testcase classname="tests.backend_test.TestDashboardStats" name="test_dashboard_reflects_new_payment" time="0.245" /><testcase classname="tests.backend_test.TestOnus" name="test_onus_deterministic" time="0.142" /><testcase classname="tests.backend_test.TestDevices" name="test_create_mikrotik" time="0.294" /><testcase classname="tests.backend_test.TestMikrotikAndVpnEndpoints" name="test_vpn_test_endpoint" time="3.162" /><testcase classname="tests.backend_test.TestPaymentsPatch" name="test_patch_payment_updates_whitelisted_fields" time="0.161" /><testcase classname="tests.backend_test.TestPaymentsPatch" name="test_patch_payment_404_for_unknown" time="0.082" /></testsuite></testsuites>