<?xml version="1.0" encoding="utf-8"?><testsuites name="pytest tests"><testsuite name="pytest" errors="0" failures="0" skipped="0" tests="13" time="7.893" timestamp="2026-07-31T02:52:01.551464+00:00" hostname="agent-env-2c195234-1a43-4c28-9d51-414f022f9a59"><testcase classname="tests.backend_test.TestAuth" name="test_login_returns_user_and_cookie" time="0.799" /><testcase classname="tests.backend_test.TestMikrotikAndVpnEndpoints" name="test_mikrotik_script_all_protocols[wireguard]" time="0.827" /><testcase classname="tests.backend_test.TestAuth" name="test_me_with_cookie" time="0.035" /><testcase classname="tests.backend_test.TestMikrotikAndVpnEndpoints" name="test_mikrotik_script_all_protocols[l2tp]" time="0.099" /><testcase classname="tests.backend_test.TestAuth" name="test_me_without_cookie_401" time="0.071" /><testcase classname="tests.backend_test.TestAuth" name="test_logout_clears_cookie" time="0.375" /><testcase classname="tests.backend_test.TestMikrotikAndVpnEndpoints" name="test_mikrotik_script_all_protocols[openvpn]" time="0.275" /><testcase classname="tests.backend_test.TestMikrotikAndVpnEndpoints" name="test_mikrotik_test_endpoint" time="3.065" /><testcase classname="tests.backend_test.TestClientsMinimal" name="test_create_without_email_lat_lng_onu_serial" time="0.068" /><testcase classname="tests.backend_test.TestClientsMinimal" name="test_patch_remaining_fields" time="0.076" /><testcase classname="tests.backend_test.TestDevices" name="test_create_mikrotik" time="0.150" /><testcase classname="tests.backend_test.TestMikrotikAndVpnEndpoints" name="test_vpn_test_endpoint" time="3.149" /><testcase classname="tests.backend_test.TestOnus" name="test_onus_deterministic" time="0.168" /></testsuite></testsuites>